2026-02-19 21:06:29,168 - trading_bot - ERROR - Configuration Error: Missing required environment variables: BINANCE_API_KEY, BINANCE_API_SECRET
2026-02-19 21:06:31,141 - trading_bot - ERROR - Configuration Error: Missing required environment variables: BINANCE_API_KEY, BINANCE_API_SECRET
2026-02-19 21:07:51,357 - trading_bot - ERROR - Configuration Error: Missing required environment variables: BINANCE_API_KEY, BINANCE_API_SECRET
2026-02-19 21:23:20,435 - trading_bot - ERROR - Configuration Error: Missing required environment variables: BINANCE_API_KEY, BINANCE_API_SECRET
2026-02-19 21:30:34,285 - trading_bot - INFO - Placing order: {'symbol': 'BTCUSDT', 'side': 'BUY', 'type': 'MARKET', 'quantity': 0.001, 'price': None}
2026-02-19 21:30:34,291 - trading_bot.client - INFO - Sending order request: {'symbol': 'BTCUSDT', 'side': 'BUY', 'type': 'MARKET', 'quantity': 0.001}
2026-02-19 21:30:36,038 - trading_bot.client - ERROR - Binance API Error: 401 - API-key format invalid.
2026-02-19 21:40:37,646 - trading_bot - INFO - Placing order: {'symbol': 'BTCUSDT', 'side': 'BUY', 'type': 'MARKET', 'quantity': 0.001, 'price': None}
2026-02-19 21:40:37,650 - trading_bot.client - INFO - Sending order request: {'symbol': 'BTCUSDT', 'side': 'BUY', 'type': 'MARKET', 'quantity': 0.001}
2026-02-19 21:40:39,693 - trading_bot.client - ERROR - Binance API Error: 401 - API-key format invalid.
2026-02-19 21:47:55,677 - trading_bot - INFO - Placing order: {'symbol': 'BTCUSDT', 'side': 'BUY', 'type': 'MARKET', 'quantity': 0.001, 'price': None}
2026-02-19 21:47:55,680 - trading_bot.client - INFO - Sending order request: {'symbol': 'BTCUSDT', 'side': 'BUY', 'type': 'MARKET', 'quantity': 0.001}
2026-02-19 21:47:57,871 - trading_bot.client - ERROR - Binance API Error: 400 - Order's notional must be no smaller than 100 (unless you choose reduce only).
2026-02-19 21:50:02,597 - trading_bot - INFO - Placing order: {'symbol': 'BTCUSDT', 'side': 'BUY', 'type': 'MARKET', 'quantity': 0.001, 'price': None}
2026-02-19 21:50:02,604 - trading_bot.client - INFO - Sending order request: {'symbol': 'BTCUSDT', 'side': 'BUY', 'type': 'MARKET', 'quantity': 0.001}
2026-02-19 21:50:04,398 - trading_bot.client - ERROR - Binance API Error: 400 - Order's notional must be no smaller than 100 (unless you choose reduce only).
2026-02-19 21:51:32,603 - trading_bot - INFO - Placing order: {'symbol': 'BTCUSDT', 'side': 'BUY', 'type': 'MARKET', 'quantity': 0.003, 'price': None}
2026-02-19 21:51:32,605 - trading_bot.client - INFO - Sending order request: {'symbol': 'BTCUSDT', 'side': 'BUY', 'type': 'MARKET', 'quantity': 0.003}
2026-02-19 21:51:34,419 - trading_bot.client - INFO - Order response received: {'orderId': 12395085375, 'symbol': 'BTCUSDT', 'status': 'NEW', 'clientOrderId': 'x-Cb7ytekJcc78433fdaf48091901c51', 'price': '0.00', 'avgPrice': '0.00', 'origQty': '0.003', 'executedQty': '0.000', 'cumQty': '0.000', 'cumQuote': '0.00000', 'timeInForce': 'GTC', 'type': 'MARKET', 'reduceOnly': False, 'closePosition': False, 'side': 'BUY', 'positionSide': 'BOTH', 'stopPrice': '0.00', 'workingType': 'CONTRACT_PRICE', 'priceProtect': False, 'origType': 'MARKET', 'priceMatch': 'NONE', 'selfTradePreventionMode': 'EXPIRE_MAKER', 'goodTillDate': 0, 'updateTime': 1771518094621}
2026-02-19 21:51:34,422 - trading_bot - INFO - Order successfully placed. OrderId: 12395085375
2026-02-19 21:53:08,717 - trading_bot - INFO - Placing order: {'symbol': 'BTCUSDT', 'side': 'SELL', 'type': 'LIMIT', 'quantity': 0.003, 'price': 60000.0}
2026-02-19 21:53:08,721 - trading_bot.client - INFO - Sending order request: {'symbol': 'BTCUSDT', 'side': 'SELL', 'type': 'LIMIT', 'quantity': 0.003, 'price': '60000.0', 'timeInForce': 'GTC'}
2026-02-19 21:53:10,599 - trading_bot.client - ERROR - Binance API Error: 400 - Limit price can't be lower than 62925.96.
2026-02-19 21:53:37,746 - trading_bot - INFO - Placing order: {'symbol': 'BTCUSDT', 'side': 'SELL', 'type': 'LIMIT', 'quantity': 0.003, 'price': 80000.0}
2026-02-19 21:53:37,748 - trading_bot.client - INFO - Sending order request: {'symbol': 'BTCUSDT', 'side': 'SELL', 'type': 'LIMIT', 'quantity': 0.003, 'price': '80000.0', 'timeInForce': 'GTC'}
2026-02-19 21:53:38,867 - trading_bot.client - INFO - Order response received: {'orderId': 12395124871, 'symbol': 'BTCUSDT', 'status': 'NEW', 'clientOrderId': 'x-Cb7ytekJ7459c7893354703fb20789', 'price': '80000.00', 'avgPrice': '0.00', 'origQty': '0.003', 'executedQty': '0.000', 'cumQty': '0.000', 'cumQuote': '0.00000', 'timeInForce': 'GTC', 'type': 'LIMIT', 'reduceOnly': False, 'closePosition': False, 'side': 'SELL', 'positionSide': 'BOTH', 'stopPrice': '0.00', 'workingType': 'CONTRACT_PRICE', 'priceProtect': False, 'origType': 'LIMIT', 'priceMatch': 'NONE', 'selfTradePreventionMode': 'EXPIRE_MAKER', 'goodTillDate': 0, 'updateTime': 1771518219023}
2026-02-19 21:53:38,870 - trading_bot - INFO - Order successfully placed. OrderId: 12395124871
